<?xml version="1.0" encoding="UTF-8"?>
<robot generator="Robot 6.1.1 (Python 3.10.12 on linux)" generated="20231117 15:41:20.081" rpa="false" schemaversion="4">
<suite id="s1" name="Tests" source="/home/ohaapasa/ohjelmistotuotanto/ohtupalautukset/viikko3/login-robot/src/tests">
<suite id="s1-s1" name="Login" source="/home/ohaapasa/ohjelmistotuotanto/ohtupalautukset/viikko3/login-robot/src/tests/login.robot">
<test id="s1-s1-t1" name="Login With Correct Credentials" line="6">
<kw name="Create User And Input Login Command" type="SETUP">
<kw name="Create User" library="AppLibrary">
<arg>kalle</arg>
<arg>kalle123</arg>
<status status="PASS" starttime="20231117 15:41:20.104" endtime="20231117 15:41:20.105"/>
</kw>
<kw name="Input Login Command" library="resource">
<kw name="Input" library="AppLibrary">
<arg>login</arg>
<status status="PASS" starttime="20231117 15:41:20.105" endtime="20231117 15:41:20.105"/>
</kw>
<status status="PASS" starttime="20231117 15:41:20.105" endtime="20231117 15:41:20.105"/>
</kw>
<status status="PASS" starttime="20231117 15:41:20.104" endtime="20231117 15:41:20.105"/>
</kw>
<kw name="Input Credentials" library="resource">
<arg>kalle</arg>
<arg>kalle123</arg>
<kw name="Input" library="AppLibrary">
<arg>${username}</arg>
<status status="PASS" starttime="20231117 15:41:20.106" endtime="20231117 15:41:20.106"/>
</kw>
<kw name="Input" library="AppLibrary">
<arg>${password}</arg>
<status status="PASS" starttime="20231117 15:41:20.106" endtime="20231117 15:41:20.106"/>
</kw>
<kw name="Run Application" library="AppLibrary">
<status status="PASS" starttime="20231117 15:41:20.106" endtime="20231117 15:41:20.106"/>
</kw>
<status status="PASS" starttime="20231117 15:41:20.105" endtime="20231117 15:41:20.106"/>
</kw>
<kw name="Output Should Contain" library="AppLibrary">
<arg>Logged in</arg>
<status status="PASS" starttime="20231117 15:41:20.106" endtime="20231117 15:41:20.107"/>
</kw>
<status status="PASS" starttime="20231117 15:41:20.104" endtime="20231117 15:41:20.107"/>
</test>
<test id="s1-s1-t2" name="Login With Incorrect Password" line="10">
<kw name="Create User And Input Login Command" type="SETUP">
<kw name="Create User" library="AppLibrary">
<arg>kalle</arg>
<arg>kalle123</arg>
<status status="PASS" starttime="20231117 15:41:20.107" endtime="20231117 15:41:20.107"/>
</kw>
<kw name="Input Login Command" library="resource">
<kw name="Input" library="AppLibrary">
<arg>login</arg>
<status status="PASS" starttime="20231117 15:41:20.108" endtime="20231117 15:41:20.108"/>
</kw>
<status status="PASS" starttime="20231117 15:41:20.107" endtime="20231117 15:41:20.108"/>
</kw>
<status status="PASS" starttime="20231117 15:41:20.107" endtime="20231117 15:41:20.108"/>
</kw>
<kw name="Input Credentials" library="resource">
<arg>kalle</arg>
<arg>kalle122</arg>
<kw name="Input" library="AppLibrary">
<arg>${username}</arg>
<status status="PASS" starttime="20231117 15:41:20.108" endtime="20231117 15:41:20.109"/>
</kw>
<kw name="Input" library="AppLibrary">
<arg>${password}</arg>
<status status="PASS" starttime="20231117 15:41:20.109" endtime="20231117 15:41:20.109"/>
</kw>
<kw name="Run Application" library="AppLibrary">
<status status="PASS" starttime="20231117 15:41:20.109" endtime="20231117 15:41:20.109"/>
</kw>
<status status="PASS" starttime="20231117 15:41:20.108" endtime="20231117 15:41:20.109"/>
</kw>
<kw name="Output Should Contain" library="AppLibrary">
<arg>Invalid username or password</arg>
<status status="PASS" starttime="20231117 15:41:20.109" endtime="20231117 15:41:20.109"/>
</kw>
<status status="PASS" starttime="20231117 15:41:20.107" endtime="20231117 15:41:20.109"/>
</test>
<test id="s1-s1-t3" name="Login With Nonexistent Username" line="14">
<kw name="Create User And Input Login Command" type="SETUP">
<kw name="Create User" library="AppLibrary">
<arg>kalle</arg>
<arg>kalle123</arg>
<status status="PASS" starttime="20231117 15:41:20.109" endtime="20231117 15:41:20.110"/>
</kw>
<kw name="Input Login Command" library="resource">
<kw name="Input" library="AppLibrary">
<arg>login</arg>
<status status="PASS" starttime="20231117 15:41:20.110" endtime="20231117 15:41:20.110"/>
</kw>
<status status="PASS" starttime="20231117 15:41:20.110" endtime="20231117 15:41:20.110"/>
</kw>
<status status="PASS" starttime="20231117 15:41:20.109" endtime="20231117 15:41:20.110"/>
</kw>
<kw name="Input Credentials" library="resource">
<arg>kalle</arg>
<arg>kalle122</arg>
<kw name="Input" library="AppLibrary">
<arg>${username}</arg>
<status status="PASS" starttime="20231117 15:41:20.110" endtime="20231117 15:41:20.110"/>
</kw>
<kw name="Input" library="AppLibrary">
<arg>${password}</arg>
<status status="PASS" starttime="20231117 15:41:20.110" endtime="20231117 15:41:20.110"/>
</kw>
<kw name="Run Application" library="AppLibrary">
<status status="PASS" starttime="20231117 15:41:20.110" endtime="20231117 15:41:20.110"/>
</kw>
<status status="PASS" starttime="20231117 15:41:20.110" endtime="20231117 15:41:20.110"/>
</kw>
<kw name="Output Should Contain" library="AppLibrary">
<arg>Invalid username or password</arg>
<status status="PASS" starttime="20231117 15:41:20.111" endtime="20231117 15:41:20.111"/>
</kw>
<status status="PASS" starttime="20231117 15:41:20.109" endtime="20231117 15:41:20.111"/>
</test>
<status status="PASS" starttime="20231117 15:41:20.092" endtime="20231117 15:41:20.111"/>
</suite>
<suite id="s1-s2" name="Register" source="/home/ohaapasa/ohjelmistotuotanto/ohtupalautukset/viikko3/login-robot/src/tests/register.robot">
<test id="s1-s2-t1" name="Register With Valid Username And Password" line="6">
<kw name="Input New Command" type="SETUP">
<kw name="Create User" library="AppLibrary">
<arg>kalle</arg>
<arg>kalle123</arg>
<status status="PASS" starttime="20231117 15:41:20.113" endtime="20231117 15:41:20.113"/>
</kw>
<kw name="Input" library="AppLibrary">
<arg>new</arg>
<status status="PASS" starttime="20231117 15:41:20.113" endtime="20231117 15:41:20.113"/>
</kw>
<status status="PASS" starttime="20231117 15:41:20.113" endtime="20231117 15:41:20.113"/>
</kw>
<kw name="Input Credentials" library="resource">
<arg>matti</arg>
<arg>matti123</arg>
<kw name="Input" library="AppLibrary">
<arg>${username}</arg>
<status status="PASS" starttime="20231117 15:41:20.114" endtime="20231117 15:41:20.114"/>
</kw>
<kw name="Input" library="AppLibrary">
<arg>${password}</arg>
<status status="PASS" starttime="20231117 15:41:20.114" endtime="20231117 15:41:20.114"/>
</kw>
<kw name="Run Application" library="AppLibrary">
<status status="PASS" starttime="20231117 15:41:20.114" endtime="20231117 15:41:20.114"/>
</kw>
<status status="PASS" starttime="20231117 15:41:20.114" endtime="20231117 15:41:20.114"/>
</kw>
<kw name="Output Should Contain" library="AppLibrary">
<arg>New user registered</arg>
<status status="PASS" starttime="20231117 15:41:20.114" endtime="20231117 15:41:20.114"/>
</kw>
<status status="PASS" starttime="20231117 15:41:20.113" endtime="20231117 15:41:20.114"/>
</test>
<test id="s1-s2-t2" name="Register With Already Taken Username And Valid Password" line="10">
<kw name="Input New Command" type="SETUP">
<kw name="Create User" library="AppLibrary">
<arg>kalle</arg>
<arg>kalle123</arg>
<status status="PASS" starttime="20231117 15:41:20.115" endtime="20231117 15:41:20.115"/>
</kw>
<kw name="Input" library="AppLibrary">
<arg>new</arg>
<status status="PASS" starttime="20231117 15:41:20.115" endtime="20231117 15:41:20.115"/>
</kw>
<status status="PASS" starttime="20231117 15:41:20.115" endtime="20231117 15:41:20.115"/>
</kw>
<kw name="Input Credentials" library="resource">
<arg>kalle</arg>
<arg>r0vanpera</arg>
<kw name="Input" library="AppLibrary">
<arg>${username}</arg>
<status status="PASS" starttime="20231117 15:41:20.115" endtime="20231117 15:41:20.115"/>
</kw>
<kw name="Input" library="AppLibrary">
<arg>${password}</arg>
<status status="PASS" starttime="20231117 15:41:20.115" endtime="20231117 15:41:20.116"/>
</kw>
<kw name="Run Application" library="AppLibrary">
<status status="PASS" starttime="20231117 15:41:20.116" endtime="20231117 15:41:20.116"/>
</kw>
<status status="PASS" starttime="20231117 15:41:20.115" endtime="20231117 15:41:20.116"/>
</kw>
<kw name="Output Should Contain" library="AppLibrary">
<arg>User with username kalle already exists</arg>
<status status="PASS" starttime="20231117 15:41:20.116" endtime="20231117 15:41:20.116"/>
</kw>
<status status="PASS" starttime="20231117 15:41:20.114" endtime="20231117 15:41:20.116"/>
</test>
<test id="s1-s2-t3" name="Register With Too Short Username And Valid Password" line="14">
<kw name="Input New Command" type="SETUP">
<kw name="Create User" library="AppLibrary">
<arg>kalle</arg>
<arg>kalle123</arg>
<status status="PASS" starttime="20231117 15:41:20.117" endtime="20231117 15:41:20.117"/>
</kw>
<kw name="Input" library="AppLibrary">
<arg>new</arg>
<status status="PASS" starttime="20231117 15:41:20.117" endtime="20231117 15:41:20.117"/>
</kw>
<status status="PASS" starttime="20231117 15:41:20.116" endtime="20231117 15:41:20.117"/>
</kw>
<kw name="Input Credentials" library="resource">
<arg>mk</arg>
<arg>r0vanpera</arg>
<kw name="Input" library="AppLibrary">
<arg>${username}</arg>
<status status="PASS" starttime="20231117 15:41:20.117" endtime="20231117 15:41:20.117"/>
</kw>
<kw name="Input" library="AppLibrary">
<arg>${password}</arg>
<status status="PASS" starttime="20231117 15:41:20.117" endtime="20231117 15:41:20.117"/>
</kw>
<kw name="Run Application" library="AppLibrary">
<status status="PASS" starttime="20231117 15:41:20.117" endtime="20231117 15:41:20.117"/>
</kw>
<status status="PASS" starttime="20231117 15:41:20.117" endtime="20231117 15:41:20.117"/>
</kw>
<kw name="Output Should Contain" library="AppLibrary">
<arg>Username is too short</arg>
<status status="PASS" starttime="20231117 15:41:20.117" endtime="20231117 15:41:20.118"/>
</kw>
<status status="PASS" starttime="20231117 15:41:20.116" endtime="20231117 15:41:20.118"/>
</test>
<test id="s1-s2-t4" name="Register With Enough Long But Invalid Username And Valid Password" line="18">
<kw name="Input New Command" type="SETUP">
<kw name="Create User" library="AppLibrary">
<arg>kalle</arg>
<arg>kalle123</arg>
<status status="PASS" starttime="20231117 15:41:20.118" endtime="20231117 15:41:20.118"/>
</kw>
<kw name="Input" library="AppLibrary">
<arg>new</arg>
<status status="PASS" starttime="20231117 15:41:20.118" endtime="20231117 15:41:20.118"/>
</kw>
<status status="PASS" starttime="20231117 15:41:20.118" endtime="20231117 15:41:20.118"/>
</kw>
<kw name="Input Credentials" library="resource">
<arg>kalle1</arg>
<arg>r0vanpera</arg>
<kw name="Input" library="AppLibrary">
<arg>${username}</arg>
<status status="PASS" starttime="20231117 15:41:20.119" endtime="20231117 15:41:20.119"/>
</kw>
<kw name="Input" library="AppLibrary">
<arg>${password}</arg>
<status status="PASS" starttime="20231117 15:41:20.119" endtime="20231117 15:41:20.119"/>
</kw>
<kw name="Run Application" library="AppLibrary">
<status status="PASS" starttime="20231117 15:41:20.119" endtime="20231117 15:41:20.119"/>
</kw>
<status status="PASS" starttime="20231117 15:41:20.118" endtime="20231117 15:41:20.119"/>
</kw>
<kw name="Output Should Contain" library="AppLibrary">
<arg>Username is not valid</arg>
<status status="PASS" starttime="20231117 15:41:20.119" endtime="20231117 15:41:20.119"/>
</kw>
<status status="PASS" starttime="20231117 15:41:20.118" endtime="20231117 15:41:20.119"/>
</test>
<test id="s1-s2-t5" name="Register With Valid Username And Too Short Password" line="22">
<kw name="Input New Command" type="SETUP">
<kw name="Create User" library="AppLibrary">
<arg>kalle</arg>
<arg>kalle123</arg>
<status status="PASS" starttime="20231117 15:41:20.120" endtime="20231117 15:41:20.120"/>
</kw>
<kw name="Input" library="AppLibrary">
<arg>new</arg>
<status status="PASS" starttime="20231117 15:41:20.120" endtime="20231117 15:41:20.120"/>
</kw>
<status status="PASS" starttime="20231117 15:41:20.120" endtime="20231117 15:41:20.120"/>
</kw>
<kw name="Input Credentials" library="resource">
<arg>matti</arg>
<arg>rr</arg>
<kw name="Input" library="AppLibrary">
<arg>${username}</arg>
<status status="PASS" starttime="20231117 15:41:20.120" endtime="20231117 15:41:20.120"/>
</kw>
<kw name="Input" library="AppLibrary">
<arg>${password}</arg>
<status status="PASS" starttime="20231117 15:41:20.120" endtime="20231117 15:41:20.120"/>
</kw>
<kw name="Run Application" library="AppLibrary">
<status status="PASS" starttime="20231117 15:41:20.120" endtime="20231117 15:41:20.121"/>
</kw>
<status status="PASS" starttime="20231117 15:41:20.120" endtime="20231117 15:41:20.121"/>
</kw>
<kw name="Output Should Contain" library="AppLibrary">
<arg>Password is too short</arg>
<status status="PASS" starttime="20231117 15:41:20.121" endtime="20231117 15:41:20.121"/>
</kw>
<status status="PASS" starttime="20231117 15:41:20.119" endtime="20231117 15:41:20.121"/>
</test>
<test id="s1-s2-t6" name="Register With Valid Username And Long Enough Password Containing Only Letters" line="26">
<kw name="Input New Command" type="SETUP">
<kw name="Create User" library="AppLibrary">
<arg>kalle</arg>
<arg>kalle123</arg>
<status status="PASS" starttime="20231117 15:41:20.121" endtime="20231117 15:41:20.121"/>
</kw>
<kw name="Input" library="AppLibrary">
<arg>new</arg>
<status status="PASS" starttime="20231117 15:41:20.121" endtime="20231117 15:41:20.121"/>
</kw>
<status status="PASS" starttime="20231117 15:41:20.121" endtime="20231117 15:41:20.121"/>
</kw>
<kw name="Input Credentials" library="resource">
<arg>matti</arg>
<arg>mattiiii</arg>
<kw name="Input" library="AppLibrary">
<arg>${username}</arg>
<status status="PASS" starttime="20231117 15:41:20.122" endtime="20231117 15:41:20.122"/>
</kw>
<kw name="Input" library="AppLibrary">
<arg>${password}</arg>
<status status="PASS" starttime="20231117 15:41:20.122" endtime="20231117 15:41:20.122"/>
</kw>
<kw name="Run Application" library="AppLibrary">
<status status="PASS" starttime="20231117 15:41:20.122" endtime="20231117 15:41:20.122"/>
</kw>
<status status="PASS" starttime="20231117 15:41:20.122" endtime="20231117 15:41:20.122"/>
</kw>
<kw name="Output Should Contain" library="AppLibrary">
<arg>Password is not valid</arg>
<status status="PASS" starttime="20231117 15:41:20.122" endtime="20231117 15:41:20.122"/>
</kw>
<status status="PASS" starttime="20231117 15:41:20.121" endtime="20231117 15:41:20.122"/>
</test>
<status status="PASS" starttime="20231117 15:41:20.111" endtime="20231117 15:41:20.122"/>
</suite>
<status status="PASS" starttime="20231117 15:41:20.082" endtime="20231117 15:41:20.123"/>
</suite>
<statistics>
<total>
<stat pass="9" fail="0" skip="0">All Tests</stat>
</total>
<tag>
</tag>
<suite>
<stat pass="9" fail="0" skip="0" id="s1" name="Tests">Tests</stat>
<stat pass="3" fail="0" skip="0" id="s1-s1" name="Login">Tests.Login</stat>
<stat pass="6" fail="0" skip="0" id="s1-s2" name="Register">Tests.Register</stat>
</suite>
</statistics>
<errors>
</errors>
</robot>
